2018-06-14 10:18:45,881 [INFO] [main] io.renren.AdminApplication [Jdk14Logger.java : 99] Starting AdminApplication on CQ6ET6JFXX3FVVW with PID 5972 (D:\workPlace\save\idea\Git\DownLoadFromGit\Finall\dafayi_java\renren-admin\target\classes started by Administrator in D:\workPlace\save\idea\Git\DownLoadFromGit\Finall\dafayi_java)
2018-06-14 10:18:45,897 [DEBUG] [main] io.renren.AdminApplication [Jdk14Logger.java : 99] Running with Spring Boot v2.0.1.RELEASE, Spring v5.0.5.RELEASE
2018-06-14 10:18:45,897 [INFO] [main] io.renren.AdminApplication [Jdk14Logger.java : 99] The following profiles are active: test
2018-06-14 10:18:46,288 [INFO] [main] o.s.b.w.s.c.AnnotationConfigServletWebServerApplicationContext [Jdk14Logger.java : 99] Refreshing org.springframework.boot.web.servlet.context.AnnotationConfigServletWebServerApplicationContext@157853da: startup date [Thu Jun 14 10:18:46 CST 2018]; root of context hierarchy
2018-06-14 10:18:51,082 [INFO] [main] o.s.data.repository.config.RepositoryConfigurationDelegate [RepositoryConfigurationDelegate.java : 163] Multiple Spring Data modules found, entering strict repository configuration mode!
2018-06-14 10:18:52,713 [INFO] [main] o.s.c.s.PostProcessorRegistrationDelegate$BeanPostProcessorChecker [Jdk14Logger.java : 99] Bean 'shiroConfig' of type [io.renren.common.config.ShiroConfig$$EnhancerBySpringCGLIB$$7ebaaef4] is not eligible for getting processed by all BeanPostProcessors (for example: not eligible for auto-proxying)
2018-06-14 10:18:53,052 [INFO] [main] o.s.c.s.PostProcessorRegistrationDelegate$BeanPostProcessorChecker [Jdk14Logger.java : 99] Bean 'org.springframework.boot.context.properties.ConversionServiceDeducer$Factory' of type [org.springframework.boot.context.properties.ConversionServiceDeducer$Factory] is not eligible for getting processed by all BeanPostProcessors (for example: not eligible for auto-proxying)
2018-06-14 10:18:53,525 [INFO] [main] o.s.c.s.PostProcessorRegistrationDelegate$BeanPostProcessorChecker [Jdk14Logger.java : 99] Bean 'mybatis-plus-com.baomidou.mybatisplus.spring.boot.starter.MybatisPlusProperties' of type [com.baomidou.mybatisplus.spring.boot.starter.MybatisPlusProperties] is not eligible for getting processed by all BeanPostProcessors (for example: not eligible for auto-proxying)
2018-06-14 10:18:53,541 [INFO] [main] o.s.c.s.PostProcessorRegistrationDelegate$BeanPostProcessorChecker [Jdk14Logger.java : 99] Bean 'mybatisPlusConfig' of type [io.renren.common.config.MybatisPlusConfig$$EnhancerBySpringCGLIB$$2a3dc0d0] is not eligible for getting processed by all BeanPostProcessors (for example: not eligible for auto-proxying)
2018-06-14 10:18:53,604 [INFO] [main] o.s.c.s.PostProcessorRegistrationDelegate$BeanPostProcessorChecker [Jdk14Logger.java : 99] Bean 'paginationInterceptor' of type [com.baomidou.mybatisplus.plugins.PaginationInterceptor] is not eligible for getting processed by all BeanPostProcessors (for example: not eligible for auto-proxying)
2018-06-14 10:18:53,619 [INFO] [main] o.s.c.s.PostProcessorRegistrationDelegate$BeanPostProcessorChecker [Jdk14Logger.java : 99] Bean 'com.baomidou.mybatisplus.spring.boot.starter.MybatisPlusAutoConfiguration' of type [com.baomidou.mybatisplus.spring.boot.starter.MybatisPlusAutoConfiguration$$EnhancerBySpringCGLIB$$264f1348] is not eligible for getting processed by all BeanPostProcessors (for example: not eligible for auto-proxying)
2018-06-14 10:18:53,635 [INFO] [main] o.s.c.s.PostProcessorRegistrationDelegate$BeanPostProcessorChecker [Jdk14Logger.java : 99] Bean 'dynamicDataSourceConfig' of type [io.renren.datasources.DynamicDataSourceConfig$$EnhancerBySpringCGLIB$$a0911270] is not eligible for getting processed by all BeanPostProcessors (for example: not eligible for auto-proxying)
2018-06-14 10:18:53,963 [INFO] [main] o.s.c.s.PostProcessorRegistrationDelegate$BeanPostProcessorChecker [Jdk14Logger.java : 99] Bean 'spring.datasource-org.springframework.boot.autoconfigure.jdbc.DataSourceProperties' of type [org.springframework.boot.autoconfigure.jdbc.DataSourceProperties] is not eligible for getting processed by all BeanPostProcessors (for example: not eligible for auto-proxying)
2018-06-14 10:18:53,979 [INFO] [main] o.s.c.s.PostProcessorRegistrationDelegate$BeanPostProcessorChecker [Jdk14Logger.java : 99] Bean 'com.alibaba.druid.spring.boot.autoconfigure.stat.DruidFilterConfiguration' of type [com.alibaba.druid.spring.boot.autoconfigure.stat.DruidFilterConfiguration] is not eligible for getting processed by all BeanPostProcessors (for example: not eligible for auto-proxying)
2018-06-14 10:18:54,084 [INFO] [main] o.s.c.s.PostProcessorRegistrationDelegate$BeanPostProcessorChecker [Jdk14Logger.java : 99] Bean 'statFilter' of type [com.alibaba.druid.filter.stat.StatFilter] is not eligible for getting processed by all BeanPostProcessors (for example: not eligible for auto-proxying)
2018-06-14 10:18:54,150 [INFO] [main] o.s.c.s.PostProcessorRegistrationDelegate$BeanPostProcessorChecker [Jdk14Logger.java : 99] Bean 'firstDataSource' of type [com.alibaba.druid.spring.boot.autoconfigure.DruidDataSourceWrapper] is not eligible for getting processed by all BeanPostProcessors (for example: not eligible for auto-proxying)
2018-06-14 10:18:54,246 [INFO] [main] o.s.c.s.PostProcessorRegistrationDelegate$BeanPostProcessorChecker [Jdk14Logger.java : 99] Bean 'secondDataSource' of type [com.alibaba.druid.spring.boot.autoconfigure.DruidDataSourceWrapper] is not eligible for getting processed by all BeanPostProcessors (for example: not eligible for auto-proxying)
2018-06-14 10:18:54,277 [INFO] [main] o.s.c.s.PostProcessorRegistrationDelegate$BeanPostProcessorChecker [Jdk14Logger.java : 99] Bean 'dataSource' of type [io.renren.datasources.DynamicDataSource] is not eligible for getting processed by all BeanPostProcessors (for example: not eligible for auto-proxying)
2018-06-14 10:18:54,684 [INFO] [main] com.alibaba.druid.pool.DruidDataSource [DruidDataSource.java : 928] {dataSource-1} inited
2018-06-14 10:18:57,264 [INFO] [main] o.s.c.s.PostProcessorRegistrationDelegate$BeanPostProcessorChecker [Jdk14Logger.java : 99] Bean 'sqlSessionFactory' of type [org.apache.ibatis.session.defaults.DefaultSqlSessionFactory] is not eligible for getting processed by all BeanPostProcessors (for example: not eligible for auto-proxying)
2018-06-14 10:18:57,280 [INFO] [main] o.s.c.s.PostProcessorRegistrationDelegate$BeanPostProcessorChecker [Jdk14Logger.java : 99] Bean 'sqlSessionTemplate' of type [org.mybatis.spring.SqlSessionTemplate] is not eligible for getting processed by all BeanPostProcessors (for example: not eligible for auto-proxying)
2018-06-14 10:18:57,280 [INFO] [main] o.s.c.s.PostProcessorRegistrationDelegate$BeanPostProcessorChecker [Jdk14Logger.java : 99] Bean 'sysUserDao' of type [org.mybatis.spring.mapper.MapperFactoryBean] is not eligible for getting processed by all BeanPostProcessors (for example: not eligible for auto-proxying)
2018-06-14 10:18:57,295 [INFO] [main] o.s.c.s.PostProcessorRegistrationDelegate$BeanPostProcessorChecker [Jdk14Logger.java : 99] Bean 'sysUserDao' of type [com.sun.proxy.$Proxy74] is not eligible for getting processed by all BeanPostProcessors (for example: not eligible for auto-proxying)
2018-06-14 10:18:57,295 [INFO] [main] o.s.c.s.PostProcessorRegistrationDelegate$BeanPostProcessorChecker [Jdk14Logger.java : 99] Bean 'sysMenuDao' of type [org.mybatis.spring.mapper.MapperFactoryBean] is not eligible for getting processed by all BeanPostProcessors (for example: not eligible for auto-proxying)
2018-06-14 10:18:57,295 [INFO] [main] o.s.c.s.PostProcessorRegistrationDelegate$BeanPostProcessorChecker [Jdk14Logger.java : 99] Bean 'sysMenuDao' of type [com.sun.proxy.$Proxy75] is not eligible for getting processed by all BeanPostProcessors (for example: not eligible for auto-proxying)
2018-06-14 10:18:57,295 [INFO] [main] o.s.c.s.PostProcessorRegistrationDelegate$BeanPostProcessorChecker [Jdk14Logger.java : 99] Bean 'userRealm' of type [io.renren.modules.sys.shiro.UserRealm] is not eligible for getting processed by all BeanPostProcessors (for example: not eligible for auto-proxying)
2018-06-14 10:18:57,374 [INFO] [main] o.s.c.s.PostProcessorRegistrationDelegate$BeanPostProcessorChecker [Jdk14Logger.java : 99] Bean 'spring.redis-org.springframework.boot.autoconfigure.data.redis.RedisProperties' of type [org.springframework.boot.autoconfigure.data.redis.RedisProperties] is not eligible for getting processed by all BeanPostProcessors (for example: not eligible for auto-proxying)
2018-06-14 10:18:57,389 [INFO] [main] o.s.c.s.PostProcessorRegistrationDelegate$BeanPostProcessorChecker [Jdk14Logger.java : 99] Bean 'org.springframework.boot.autoconfigure.data.redis.LettuceConnectionConfiguration' of type [org.springframework.boot.autoconfigure.data.redis.LettuceConnectionConfiguration$$EnhancerBySpringCGLIB$$edc93335] is not eligible for getting processed by all BeanPostProcessors (for example: not eligible for auto-proxying)
2018-06-14 10:18:58,037 [INFO] [main] o.s.c.s.PostProcessorRegistrationDelegate$BeanPostProcessorChecker [Jdk14Logger.java : 99] Bean 'lettuceClientResources' of type [io.lettuce.core.resource.DefaultClientResources] is not eligible for getting processed by all BeanPostProcessors (for example: not eligible for auto-proxying)
2018-06-14 10:18:58,557 [INFO] [main] o.s.c.s.PostProcessorRegistrationDelegate$BeanPostProcessorChecker [Jdk14Logger.java : 99] Bean 'redisConnectionFactory' of type [org.springframework.data.redis.connection.lettuce.LettuceConnectionFactory] is not eligible for getting processed by all BeanPostProcessors (for example: not eligible for auto-proxying)
2018-06-14 10:18:58,557 [INFO] [main] o.s.c.s.PostProcessorRegistrationDelegate$BeanPostProcessorChecker [Jdk14Logger.java : 99] Bean 'redisConfig' of type [io.renren.common.config.RedisConfig$$EnhancerBySpringCGLIB$$c989363e] is not eligible for getting processed by all BeanPostProcessors (for example: not eligible for auto-proxying)
2018-06-14 10:18:58,682 [INFO] [main] o.s.c.s.PostProcessorRegistrationDelegate$BeanPostProcessorChecker [Jdk14Logger.java : 99] Bean 'redisTemplate' of type [org.springframework.data.redis.core.RedisTemplate] is not eligible for getting processed by all BeanPostProcessors (for example: not eligible for auto-proxying)
2018-06-14 10:18:58,682 [INFO] [main] o.s.c.s.PostProcessorRegistrationDelegate$BeanPostProcessorChecker [Jdk14Logger.java : 99] Bean 'redisShiroSessionDAO' of type [io.renren.modules.sys.shiro.RedisShiroSessionDAO] is not eligible for getting processed by all BeanPostProcessors (for example: not eligible for auto-proxying)
2018-06-14 10:18:58,745 [INFO] [main] o.s.c.s.PostProcessorRegistrationDelegate$BeanPostProcessorChecker [Jdk14Logger.java : 99] Bean 'sessionManager' of type [org.apache.shiro.web.session.mgt.DefaultWebSessionManager] is not eligible for getting processed by all BeanPostProcessors (for example: not eligible for auto-proxying)
2018-06-14 10:19:00,031 [INFO] [main] o.s.c.s.PostProcessorRegistrationDelegate$BeanPostProcessorChecker [Jdk14Logger.java : 99] Bean 'securityManager' of type [org.apache.shiro.web.mgt.DefaultWebSecurityManager] is not eligible for getting processed by all BeanPostProcessors (for example: not eligible for auto-proxying)
2018-06-14 10:19:00,261 [INFO] [main] o.s.c.s.PostProcessorRegistrationDelegate$BeanPostProcessorChecker [Jdk14Logger.java : 99] Bean 'authorizationAttributeSourceAdvisor' of type [org.apache.shiro.spring.security.interceptor.AuthorizationAttributeSourceAdvisor] is not eligible for getting processed by all BeanPostProcessors (for example: not eligible for auto-proxying)
2018-06-14 10:19:00,417 [INFO] [main] o.s.c.s.PostProcessorRegistrationDelegate$BeanPostProcessorChecker [Jdk14Logger.java : 99] Bean 'org.springframework.transaction.annotation.ProxyTransactionManagementConfiguration' of type [org.springframework.transaction.annotation.ProxyTransactionManagementConfiguration$$EnhancerBySpringCGLIB$$d8af74eb] is not eligible for getting processed by all BeanPostProcessors (for example: not eligible for auto-proxying)
2018-06-14 10:19:02,414 [INFO] [main] org.springframework.boot.web.embedded.tomcat.TomcatWebServer [Jdk14Logger.java : 99] Tomcat initialized with port(s): 8080 (http)
2018-06-14 10:19:02,554 [INFO] [main] org.apache.catalina.core.StandardService [DirectJDKLog.java : 180] Starting service [Tomcat]
2018-06-14 10:19:02,554 [INFO] [main] org.apache.catalina.core.StandardEngine [DirectJDKLog.java : 180] Starting Servlet Engine: Apache Tomcat/8.5.29
2018-06-14 10:19:02,570 [INFO] [localhost-startStop-1] org.apache.catalina.core.AprLifecycleListener [DirectJDKLog.java : 180] Loaded APR based Apache Tomcat Native library [1.2.16] using APR version [1.6.3].
2018-06-14 10:19:02,570 [INFO] [localhost-startStop-1] org.apache.catalina.core.AprLifecycleListener [DirectJDKLog.java : 180] APR capabilities: IPv6 [true], sendfile [true], accept filters [false], random [true].
2018-06-14 10:19:02,570 [INFO] [localhost-startStop-1] org.apache.catalina.core.AprLifecycleListener [DirectJDKLog.java : 180] APR/OpenSSL configuration: useAprConnector [false], useOpenSSL [true]
2018-06-14 10:19:03,931 [INFO] [localhost-startStop-1] org.apache.catalina.core.AprLifecycleListener [DirectJDKLog.java : 180] OpenSSL successfully initialized [OpenSSL 1.0.2m  2 Nov 2017]
2018-06-14 10:19:04,362 [INFO] [localhost-startStop-1] o.a.c.c.ContainerBase.[Tomcat].[localhost].[/renren-admin] [DirectJDKLog.java : 180] Initializing Spring embedded WebApplicationContext
2018-06-14 10:19:04,362 [INFO] [localhost-startStop-1] org.springframework.web.context.ContextLoader [Jdk14Logger.java : 99] Root WebApplicationContext: initialization completed in 18074 ms
2018-06-14 10:19:05,168 [INFO] [localhost-startStop-1] org.springframework.boot.web.servlet.FilterRegistrationBean [Jdk14Logger.java : 99] Mapping filter: 'characterEncodingFilter' to: [/*]
2018-06-14 10:19:05,168 [INFO] [localhost-startStop-1] org.springframework.boot.web.servlet.FilterRegistrationBean [Jdk14Logger.java : 99] Mapping filter: 'hiddenHttpMethodFilter' to: [/*]
2018-06-14 10:19:05,168 [INFO] [localhost-startStop-1] org.springframework.boot.web.servlet.FilterRegistrationBean [Jdk14Logger.java : 99] Mapping filter: 'httpPutFormContentFilter' to: [/*]
2018-06-14 10:19:05,168 [INFO] [localhost-startStop-1] org.springframework.boot.web.servlet.FilterRegistrationBean [Jdk14Logger.java : 99] Mapping filter: 'requestContextFilter' to: [/*]
2018-06-14 10:19:05,168 [INFO] [localhost-startStop-1] org.springframework.boot.web.servlet.FilterRegistrationBean [Jdk14Logger.java : 99] Mapping filter: 'delegatingFilterProxy' to urls: [/*]
2018-06-14 10:19:05,168 [INFO] [localhost-startStop-1] org.springframework.boot.web.servlet.FilterRegistrationBean [Jdk14Logger.java : 99] Mapping filter: 'xssFilter' to urls: [/*]
2018-06-14 10:19:05,168 [INFO] [localhost-startStop-1] org.springframework.boot.web.servlet.FilterRegistrationBean [Jdk14Logger.java : 99] Mapping filter: 'webStatFilter' to urls: [/*]
2018-06-14 10:19:05,168 [INFO] [localhost-startStop-1] org.springframework.boot.web.servlet.FilterRegistrationBean [Jdk14Logger.java : 99] Mapping filter: 'shiroFilter' to: [/*]
2018-06-14 10:19:05,168 [INFO] [localhost-startStop-1] org.springframework.boot.web.servlet.ServletRegistrationBean [Jdk14Logger.java : 99] Servlet dispatcherServlet mapped to [/]
2018-06-14 10:19:05,183 [INFO] [localhost-startStop-1] org.springframework.boot.web.servlet.ServletRegistrationBean [Jdk14Logger.java : 99] Servlet statViewServlet mapped to [/druid/*]
2018-06-14 10:19:06,446 [INFO] [main] org.quartz.impl.StdSchedulerFactory [StdSchedulerFactory.java : 1208] Using default implementation for ThreadExecutor
2018-06-14 10:19:06,477 [INFO] [main] org.quartz.core.SchedulerSignalerImpl [SchedulerSignalerImpl.java : 61] Initialized Scheduler Signaller of type: class org.quartz.core.SchedulerSignalerImpl
2018-06-14 10:19:06,477 [INFO] [main] org.quartz.core.QuartzScheduler [QuartzScheduler.java : 229] Quartz Scheduler v.2.3.0 created.
2018-06-14 10:19:06,493 [INFO] [main] o.springframework.scheduling.quartz.LocalDataSourceJobStore [JobStoreSupport.java : 672] Using db table-based data access locking (synchronization).
2018-06-14 10:19:06,493 [INFO] [main] o.springframework.scheduling.quartz.LocalDataSourceJobStore [JobStoreCMT.java : 145] JobStoreCMT initialized.
2018-06-14 10:19:06,508 [INFO] [main] org.quartz.core.QuartzScheduler [QuartzScheduler.java : 294] Scheduler meta-data: Quartz Scheduler (v2.3.0) 'RenrenScheduler' with instanceId 'CQ6ET6JFXX3FVVW1528942746446'
  Scheduler class: 'org.quartz.core.QuartzScheduler' - running locally.
  NOT STARTED.
  Currently in standby mode.
  Number of jobs executed: 0
  Using thread pool 'org.quartz.simpl.SimpleThreadPool' - with 20 threads.
  Using job-store 'org.springframework.scheduling.quartz.LocalDataSourceJobStore' - which supports persistence. and is clustered.

2018-06-14 10:19:06,508 [INFO] [main] org.quartz.impl.StdSchedulerFactory [StdSchedulerFactory.java : 1362] Quartz scheduler 'RenrenScheduler' initialized from an externally provided properties instance.
2018-06-14 10:19:06,508 [INFO] [main] org.quartz.impl.StdSchedulerFactory [StdSchedulerFactory.java : 1366] Quartz scheduler version: 2.3.0
2018-06-14 10:19:06,508 [INFO] [main] org.quartz.core.QuartzScheduler [QuartzScheduler.java : 2287] JobFactory set to: org.springframework.scheduling.quartz.AdaptableJobFactory@3f8dfe74
2018-06-14 10:19:06,789 [DEBUG] [main] io.renren.modules.job.dao.ScheduleJobDao.selectList [BaseJdbcLogger.java : 159] ==>  Preparing: SELECT job_id AS jobId,bean_name AS beanName,method_name AS methodName,params,cron_expression AS cronExpression,`status`,remark,create_time AS createTime FROM schedule_job 
2018-06-14 10:19:07,167 [DEBUG] [main] io.renren.modules.job.dao.ScheduleJobDao.selectList [BaseJdbcLogger.java : 159] ==> Parameters: 
2018-06-14 10:19:07,306 [DEBUG] [main] io.renren.modules.job.dao.ScheduleJobDao.selectList [BaseJdbcLogger.java : 159] <==      Total: 2
2018-06-14 10:19:11,444 [INFO] [main] o.s.w.s.mvc.method.annotation.RequestMappingHandlerMapping [Jdk14Logger.java : 99] Mapped "{[/sys/schedule/run]}" onto public io.renren.common.utils.R io.renren.modules.job.controller.ScheduleJobController.run(java.lang.Long[])
2018-06-14 10:19:11,459 [INFO] [main] o.s.w.s.mvc.method.annotation.RequestMappingHandlerMapping [Jdk14Logger.java : 99] Mapped "{[/sys/schedule/update]}" onto public io.renren.common.utils.R io.renren.modules.job.controller.ScheduleJobController.update(io.renren.modules.job.entity.ScheduleJobEntity)
2018-06-14 10:19:11,459 [INFO] [main] o.s.w.s.mvc.method.annotation.RequestMappingHandlerMapping [Jdk14Logger.java : 99] Mapped "{[/sys/schedule/delete]}" onto public io.renren.common.utils.R io.renren.modules.job.controller.ScheduleJobController.delete(java.lang.Long[])
2018-06-14 10:19:11,459 [INFO] [main] o.s.w.s.mvc.method.annotation.RequestMappingHandlerMapping [Jdk14Logger.java : 99] Mapped "{[/sys/schedule/resume]}" onto public io.renren.common.utils.R io.renren.modules.job.controller.ScheduleJobController.resume(java.lang.Long[])
2018-06-14 10:19:11,459 [INFO] [main] o.s.w.s.mvc.method.annotation.RequestMappingHandlerMapping [Jdk14Logger.java : 99] Mapped "{[/sys/schedule/list]}" onto public io.renren.common.utils.R io.renren.modules.job.controller.ScheduleJobController.list(java.util.Map<java.lang.String, java.lang.Object>)
2018-06-14 10:19:11,459 [INFO] [main] o.s.w.s.mvc.method.annotation.RequestMappingHandlerMapping [Jdk14Logger.java : 99] Mapped "{[/sys/schedule/save]}" onto public io.renren.common.utils.R io.renren.modules.job.controller.ScheduleJobController.save(io.renren.modules.job.entity.ScheduleJobEntity)
2018-06-14 10:19:11,459 [INFO] [main] o.s.w.s.mvc.method.annotation.RequestMappingHandlerMapping [Jdk14Logger.java : 99] Mapped "{[/sys/schedule/info/{jobId}]}" onto public io.renren.common.utils.R io.renren.modules.job.controller.ScheduleJobController.info(java.lang.Long)
2018-06-14 10:19:11,459 [INFO] [main] o.s.w.s.mvc.method.annotation.RequestMappingHandlerMapping [Jdk14Logger.java : 99] Mapped "{[/sys/schedule/pause]}" onto public io.renren.common.utils.R io.renren.modules.job.controller.ScheduleJobController.pause(java.lang.Long[])
2018-06-14 10:19:11,459 [INFO] [main] o.s.w.s.mvc.method.annotation.RequestMappingHandlerMapping [Jdk14Logger.java : 99] Mapped "{[/sys/scheduleLog/list]}" onto public io.renren.common.utils.R io.renren.modules.job.controller.ScheduleJobLogController.list(java.util.Map<java.lang.String, java.lang.Object>)
2018-06-14 10:19:11,459 [INFO] [main] o.s.w.s.mvc.method.annotation.RequestMappingHandlerMapping [Jdk14Logger.java : 99] Mapped "{[/sys/scheduleLog/info/{logId}]}" onto public io.renren.common.utils.R io.renren.modules.job.controller.ScheduleJobLogController.info(java.lang.Long)
2018-06-14 10:19:11,459 [INFO] [main] o.s.w.s.mvc.method.annotation.RequestMappingHandlerMapping [Jdk14Logger.java : 99] Mapped "{[/sys/oss/delete]}" onto public io.renren.common.utils.R io.renren.modules.oss.controller.SysOssController.delete(java.lang.Long[])
2018-06-14 10:19:11,459 [INFO] [main] o.s.w.s.mvc.method.annotation.RequestMappingHandlerMapping [Jdk14Logger.java : 99] Mapped "{[/sys/oss/list]}" onto public io.renren.common.utils.R io.renren.modules.oss.controller.SysOssController.list(java.util.Map<java.lang.String, java.lang.Object>)
2018-06-14 10:19:11,475 [INFO] [main] o.s.w.s.mvc.method.annotation.RequestMappingHandlerMapping [Jdk14Logger.java : 99] Mapped "{[/sys/oss/config]}" onto public io.renren.common.utils.R io.renren.modules.oss.controller.SysOssController.config()
2018-06-14 10:19:11,475 [INFO] [main] o.s.w.s.mvc.method.annotation.RequestMappingHandlerMapping [Jdk14Logger.java : 99] Mapped "{[/sys/oss/saveConfig]}" onto public io.renren.common.utils.R io.renren.modules.oss.controller.SysOssController.saveConfig(io.renren.modules.oss.cloud.CloudStorageConfig)
2018-06-14 10:19:11,475 [INFO] [main] o.s.w.s.mvc.method.annotation.RequestMappingHandlerMapping [Jdk14Logger.java : 99] Mapped "{[/sys/oss/upload]}" onto public io.renren.common.utils.R io.renren.modules.oss.controller.SysOssController.upload(org.springframework.web.multipart.MultipartFile) throws java.lang.Exception
2018-06-14 10:19:11,475 [INFO] [main] o.s.w.s.mvc.method.annotation.RequestMappingHandlerMapping [Jdk14Logger.java : 99] Mapped "{[/sys/config/update]}" onto public io.renren.common.utils.R io.renren.modules.sys.controller.SysConfigController.update(io.renren.modules.sys.entity.SysConfigEntity)
2018-06-14 10:19:11,475 [INFO] [main] o.s.w.s.mvc.method.annotation.RequestMappingHandlerMapping [Jdk14Logger.java : 99] Mapped "{[/sys/config/delete]}" onto public io.renren.common.utils.R io.renren.modules.sys.controller.SysConfigController.delete(java.lang.Long[])
2018-06-14 10:19:11,475 [INFO] [main] o.s.w.s.mvc.method.annotation.RequestMappingHandlerMapping [Jdk14Logger.java : 99] Mapped "{[/sys/config/list]}" onto public io.renren.common.utils.R io.renren.modules.sys.controller.SysConfigController.list(java.util.Map<java.lang.String, java.lang.Object>)
2018-06-14 10:19:11,491 [INFO] [main] o.s.w.s.mvc.method.annotation.RequestMappingHandlerMapping [Jdk14Logger.java : 99] Mapped "{[/sys/config/save]}" onto public io.renren.common.utils.R io.renren.modules.sys.controller.SysConfigController.save(io.renren.modules.sys.entity.SysConfigEntity)
2018-06-14 10:19:11,491 [INFO] [main] o.s.w.s.mvc.method.annotation.RequestMappingHandlerMapping [Jdk14Logger.java : 99] Mapped "{[/sys/config/info/{id}]}" onto public io.renren.common.utils.R io.renren.modules.sys.controller.SysConfigController.info(java.lang.Long)
2018-06-14 10:19:11,491 [INFO] [main] o.s.w.s.mvc.method.annotation.RequestMappingHandlerMapping [Jdk14Logger.java : 99] Mapped "{[/sys/dept/update]}" onto public io.renren.common.utils.R io.renren.modules.sys.controller.SysDeptController.update(io.renren.modules.sys.entity.SysDeptEntity)
2018-06-14 10:19:11,491 [INFO] [main] o.s.w.s.mvc.method.annotation.RequestMappingHandlerMapping [Jdk14Logger.java : 99] Mapped "{[/sys/dept/delete]}" onto public io.renren.common.utils.R io.renren.modules.sys.controller.SysDeptController.delete(long)
2018-06-14 10:19:11,491 [INFO] [main] o.s.w.s.mvc.method.annotation.RequestMappingHandlerMapping [Jdk14Logger.java : 99] Mapped "{[/sys/dept/list]}" onto public java.util.List<io.renren.modules.sys.entity.SysDeptEntity> io.renren.modules.sys.controller.SysDeptController.list()
2018-06-14 10:19:11,491 [INFO] [main] o.s.w.s.mvc.method.annotation.RequestMappingHandlerMapping [Jdk14Logger.java : 99] Mapped "{[/sys/dept/save]}" onto public io.renren.common.utils.R io.renren.modules.sys.controller.SysDeptController.save(io.renren.modules.sys.entity.SysDeptEntity)
2018-06-14 10:19:11,491 [INFO] [main] o.s.w.s.mvc.method.annotation.RequestMappingHandlerMapping [Jdk14Logger.java : 99] Mapped "{[/sys/dept/select]}" onto public io.renren.common.utils.R io.renren.modules.sys.controller.SysDeptController.select()
2018-06-14 10:19:11,491 [INFO] [main] o.s.w.s.mvc.method.annotation.RequestMappingHandlerMapping [Jdk14Logger.java : 99] Mapped "{[/sys/dept/info/{deptId}]}" onto public io.renren.common.utils.R io.renren.modules.sys.controller.SysDeptController.info(java.lang.Long)
2018-06-14 10:19:11,491 [INFO] [main] o.s.w.s.mvc.method.annotation.RequestMappingHandlerMapping [Jdk14Logger.java : 99] Mapped "{[/sys/dept/info]}" onto public io.renren.common.utils.R io.renren.modules.sys.controller.SysDeptController.info()
2018-06-14 10:19:11,506 [INFO] [main] o.s.w.s.mvc.method.annotation.RequestMappingHandlerMapping [Jdk14Logger.java : 99] Mapped "{[/sys/dict/update]}" onto public io.renren.common.utils.R io.renren.modules.sys.controller.SysDictController.update(io.renren.modules.sys.entity.SysDictEntity)
2018-06-14 10:19:11,506 [INFO] [main] o.s.w.s.mvc.method.annotation.RequestMappingHandlerMapping [Jdk14Logger.java : 99] Mapped "{[/sys/dict/delete]}" onto public io.renren.common.utils.R io.renren.modules.sys.controller.SysDictController.delete(java.lang.Long[])
2018-06-14 10:19:11,506 [INFO] [main] o.s.w.s.mvc.method.annotation.RequestMappingHandlerMapping [Jdk14Logger.java : 99] Mapped "{[/sys/dict/list]}" onto public io.renren.common.utils.R io.renren.modules.sys.controller.SysDictController.list(java.util.Map<java.lang.String, java.lang.Object>)
2018-06-14 10:19:11,506 [INFO] [main] o.s.w.s.mvc.method.annotation.RequestMappingHandlerMapping [Jdk14Logger.java : 99] Mapped "{[/sys/dict/save]}" onto public io.renren.common.utils.R io.renren.modules.sys.controller.SysDictController.save(io.renren.modules.sys.entity.SysDictEntity)
2018-06-14 10:19:11,506 [INFO] [main] o.s.w.s.mvc.method.annotation.RequestMappingHandlerMapping [Jdk14Logger.java : 99] Mapped "{[/sys/dict/info/{id}]}" onto public io.renren.common.utils.R io.renren.modules.sys.controller.SysDictController.info(java.lang.Long)
2018-06-14 10:19:11,506 [INFO] [main] o.s.w.s.mvc.method.annotation.RequestMappingHandlerMapping [Jdk14Logger.java : 99] Mapped "{[/sys/log/list]}" onto public io.renren.common.utils.R io.renren.modules.sys.controller.SysLogController.list(java.util.Map<java.lang.String, java.lang.Object>)
2018-06-14 10:19:11,506 [INFO] [main] o.s.w.s.mvc.method.annotation.RequestMappingHandlerMapping [Jdk14Logger.java : 99] Mapped "{[/captcha.jpg]}" onto public void io.renren.modules.sys.controller.SysLoginController.captcha(javax.servlet.http.HttpServletResponse) throws java.io.IOException
2018-06-14 10:19:11,506 [INFO] [main] o.s.w.s.mvc.method.annotation.RequestMappingHandlerMapping [Jdk14Logger.java : 99] Mapped "{[/logout],methods=[GET]}" onto public java.lang.String io.renren.modules.sys.controller.SysLoginController.logout()
2018-06-14 10:19:11,522 [INFO] [main] o.s.w.s.mvc.method.annotation.RequestMappingHandlerMapping [Jdk14Logger.java : 99] Mapped "{[/sys/login],methods=[POST]}" onto public io.renren.common.utils.R io.renren.modules.sys.controller.SysLoginController.login(java.lang.String,java.lang.String,java.lang.String)
2018-06-14 10:19:11,522 [INFO] [main] o.s.w.s.mvc.method.annotation.RequestMappingHandlerMapping [Jdk14Logger.java : 99] Mapped "{[/sys/menu/update]}" onto public io.renren.common.utils.R io.renren.modules.sys.controller.SysMenuController.update(io.renren.modules.sys.entity.SysMenuEntity)
2018-06-14 10:19:11,522 [INFO] [main] o.s.w.s.mvc.method.annotation.RequestMappingHandlerMapping [Jdk14Logger.java : 99] Mapped "{[/sys/menu/delete]}" onto public io.renren.common.utils.R io.renren.modules.sys.controller.SysMenuController.delete(long)
2018-06-14 10:19:11,522 [INFO] [main] o.s.w.s.mvc.method.annotation.RequestMappingHandlerMapping [Jdk14Logger.java : 99] Mapped "{[/sys/menu/list]}" onto public java.util.List<io.renren.modules.sys.entity.SysMenuEntity> io.renren.modules.sys.controller.SysMenuController.list()
2018-06-14 10:19:11,522 [INFO] [main] o.s.w.s.mvc.method.annotation.RequestMappingHandlerMapping [Jdk14Logger.java : 99] Mapped "{[/sys/menu/save]}" onto public io.renren.common.utils.R io.renren.modules.sys.controller.SysMenuController.save(io.renren.modules.sys.entity.SysMenuEntity)
2018-06-14 10:19:11,522 [INFO] [main] o.s.w.s.mvc.method.annotation.RequestMappingHandlerMapping [Jdk14Logger.java : 99] Mapped "{[/sys/menu/select]}" onto public io.renren.common.utils.R io.renren.modules.sys.controller.SysMenuController.select()
2018-06-14 10:19:11,522 [INFO] [main] o.s.w.s.mvc.method.annotation.RequestMappingHandlerMapping [Jdk14Logger.java : 99] Mapped "{[/sys/menu/info/{menuId}]}" onto public io.renren.common.utils.R io.renren.modules.sys.controller.SysMenuController.info(java.lang.Long)
2018-06-14 10:19:11,522 [INFO] [main] o.s.w.s.mvc.method.annotation.RequestMappingHandlerMapping [Jdk14Logger.java : 99] Mapped "{[/sys/menu/nav]}" onto public io.renren.common.utils.R io.renren.modules.sys.controller.SysMenuController.nav()
2018-06-14 10:19:11,522 [INFO] [main] o.s.w.s.mvc.method.annotation.RequestMappingHandlerMapping [Jdk14Logger.java : 99] Mapped "{[/ || /index.html]}" onto public java.lang.String io.renren.modules.sys.controller.SysPageController.index()
2018-06-14 10:19:11,522 [INFO] [main] o.s.w.s.mvc.method.annotation.RequestMappingHandlerMapping [Jdk14Logger.java : 99] Mapped "{[/main.html]}" onto public java.lang.String io.renren.modules.sys.controller.SysPageController.main()
2018-06-14 10:19:11,537 [INFO] [main] o.s.w.s.mvc.method.annotation.RequestMappingHandlerMapping [Jdk14Logger.java : 99] Mapped "{[/index1.html]}" onto public java.lang.String io.renren.modules.sys.controller.SysPageController.index1()
2018-06-14 10:19:11,537 [INFO] [main] o.s.w.s.mvc.method.annotation.RequestMappingHandlerMapping [Jdk14Logger.java : 99] Mapped "{[/modules/{module}/{url}.html]}" onto public java.lang.String io.renren.modules.sys.controller.SysPageController.module(java.lang.String,java.lang.String)
2018-06-14 10:19:11,537 [INFO] [main] o.s.w.s.mvc.method.annotation.RequestMappingHandlerMapping [Jdk14Logger.java : 99] Mapped "{[/login.html]}" onto public java.lang.String io.renren.modules.sys.controller.SysPageController.login()
2018-06-14 10:19:11,537 [INFO] [main] o.s.w.s.mvc.method.annotation.RequestMappingHandlerMapping [Jdk14Logger.java : 99] Mapped "{[/404.html]}" onto public java.lang.String io.renren.modules.sys.controller.SysPageController.notFound()
2018-06-14 10:19:11,537 [INFO] [main] o.s.w.s.mvc.method.annotation.RequestMappingHandlerMapping [Jdk14Logger.java : 99] Mapped "{[/sys/role/update]}" onto public io.renren.common.utils.R io.renren.modules.sys.controller.SysRoleController.update(io.renren.modules.sys.entity.SysRoleEntity)
2018-06-14 10:19:11,537 [INFO] [main] o.s.w.s.mvc.method.annotation.RequestMappingHandlerMapping [Jdk14Logger.java : 99] Mapped "{[/sys/role/delete]}" onto public io.renren.common.utils.R io.renren.modules.sys.controller.SysRoleController.delete(java.lang.Long[])
2018-06-14 10:19:11,537 [INFO] [main] o.s.w.s.mvc.method.annotation.RequestMappingHandlerMapping [Jdk14Logger.java : 99] Mapped "{[/sys/role/list]}" onto public io.renren.common.utils.R io.renren.modules.sys.controller.SysRoleController.list(java.util.Map<java.lang.String, java.lang.Object>)
2018-06-14 10:19:11,537 [INFO] [main] o.s.w.s.mvc.method.annotation.RequestMappingHandlerMapping [Jdk14Logger.java : 99] Mapped "{[/sys/role/save]}" onto public io.renren.common.utils.R io.renren.modules.sys.controller.SysRoleController.save(io.renren.modules.sys.entity.SysRoleEntity)
2018-06-14 10:19:11,537 [INFO] [main] o.s.w.s.mvc.method.annotation.RequestMappingHandlerMapping [Jdk14Logger.java : 99] Mapped "{[/sys/role/select]}" onto public io.renren.common.utils.R io.renren.modules.sys.controller.SysRoleController.select()
2018-06-14 10:19:11,537 [INFO] [main] o.s.w.s.mvc.method.annotation.RequestMappingHandlerMapping [Jdk14Logger.java : 99] Mapped "{[/sys/role/info/{roleId}]}" onto public io.renren.common.utils.R io.renren.modules.sys.controller.SysRoleController.info(java.lang.Long)
2018-06-14 10:19:11,537 [INFO] [main] o.s.w.s.mvc.method.annotation.RequestMappingHandlerMapping [Jdk14Logger.java : 99] Mapped "{[/sys/user/update]}" onto public io.renren.common.utils.R io.renren.modules.sys.controller.SysUserController.update(io.renren.modules.sys.entity.SysUserEntity)
2018-06-14 10:19:11,537 [INFO] [main] o.s.w.s.mvc.method.annotation.RequestMappingHandlerMapping [Jdk14Logger.java : 99] Mapped "{[/sys/user/delete]}" onto public io.renren.common.utils.R io.renren.modules.sys.controller.SysUserController.delete(java.lang.Long[])
2018-06-14 10:19:11,553 [INFO] [main] o.s.w.s.mvc.method.annotation.RequestMappingHandlerMapping [Jdk14Logger.java : 99] Mapped "{[/sys/user/list]}" onto public io.renren.common.utils.R io.renren.modules.sys.controller.SysUserController.list(java.util.Map<java.lang.String, java.lang.Object>)
2018-06-14 10:19:11,553 [INFO] [main] o.s.w.s.mvc.method.annotation.RequestMappingHandlerMapping [Jdk14Logger.java : 99] Mapped "{[/sys/user/save]}" onto public io.renren.common.utils.R io.renren.modules.sys.controller.SysUserController.save(io.renren.modules.sys.entity.SysUserEntity)
2018-06-14 10:19:11,553 [INFO] [main] o.s.w.s.mvc.method.annotation.RequestMappingHandlerMapping [Jdk14Logger.java : 99] Mapped "{[/sys/user/info/{userId}]}" onto public io.renren.common.utils.R io.renren.modules.sys.controller.SysUserController.info(java.lang.Long)
2018-06-14 10:19:11,553 [INFO] [main] o.s.w.s.mvc.method.annotation.RequestMappingHandlerMapping [Jdk14Logger.java : 99] Mapped "{[/sys/user/info]}" onto public io.renren.common.utils.R io.renren.modules.sys.controller.SysUserController.info()
2018-06-14 10:19:11,553 [INFO] [main] o.s.w.s.mvc.method.annotation.RequestMappingHandlerMapping [Jdk14Logger.java : 99] Mapped "{[/sys/user/password]}" onto public io.renren.common.utils.R io.renren.modules.sys.controller.SysUserController.password(java.lang.String,java.lang.String)
2018-06-14 10:19:11,584 [INFO] [main] o.s.w.s.mvc.method.annotation.RequestMappingHandlerMapping [Jdk14Logger.java : 99] Mapped "{[/swagger-resources/configuration/ui]}" onto public org.springframework.http.ResponseEntity<springfox.documentation.swagger.web.UiConfiguration> springfox.documentation.swagger.web.ApiResourceController.uiConfiguration()
2018-06-14 10:19:11,584 [INFO] [main] o.s.w.s.mvc.method.annotation.RequestMappingHandlerMapping [Jdk14Logger.java : 99] Mapped "{[/swagger-resources]}" onto public org.springframework.http.ResponseEntity<java.util.List<springfox.documentation.swagger.web.SwaggerResource>> springfox.documentation.swagger.web.ApiResourceController.swaggerResources()
2018-06-14 10:19:11,584 [INFO] [main] o.s.w.s.mvc.method.annotation.RequestMappingHandlerMapping [Jdk14Logger.java : 99] Mapped "{[/swagger-resources/configuration/security]}" onto public org.springframework.http.ResponseEntity<springfox.documentation.swagger.web.SecurityConfiguration> springfox.documentation.swagger.web.ApiResourceController.securityConfiguration()
2018-06-14 10:19:11,600 [INFO] [main] o.s.w.s.mvc.method.annotation.RequestMappingHandlerMapping [Jdk14Logger.java : 99] Mapped "{[/error]}" onto public org.springframework.http.ResponseEntity<java.util.Map<java.lang.String, java.lang.Object>> org.springframework.boot.autoconfigure.web.servlet.error.BasicErrorController.error(javax.servlet.http.HttpServletRequest)
2018-06-14 10:19:11,600 [INFO] [main] o.s.w.s.mvc.method.annotation.RequestMappingHandlerMapping [Jdk14Logger.java : 99] Mapped "{[/error],produces=[text/html]}" onto public org.springframework.web.servlet.ModelAndView org.springframework.boot.autoconfigure.web.servlet.error.BasicErrorController.errorHtml(javax.servlet.http.HttpServletRequest,javax.servlet.http.HttpServletResponse)
2018-06-14 10:19:12,445 [INFO] [main] o.s.web.servlet.view.freemarker.FreeMarkerConfigurer [Jdk14Logger.java : 99] ClassTemplateLoader for Spring macros added to FreeMarker configuration
2018-06-14 10:19:12,570 [INFO] [main] s.d.spring.web.PropertySourcedRequestMappingHandlerMapping [Jdk14Logger.java : 99] Mapped URL path [/v2/api-docs] onto method [public org.springframework.http.ResponseEntity<springfox.documentation.spring.web.json.Json> springfox.documentation.swagger2.web.Swagger2Controller.getDocumentation(java.lang.String,javax.servlet.http.HttpServletRequest)]
2018-06-14 10:19:13,272 [INFO] [main] o.s.web.servlet.handler.SimpleUrlHandlerMapping [Jdk14Logger.java : 99] Mapped URL path [/**/favicon.ico] onto handler of type [class org.springframework.web.servlet.resource.ResourceHttpRequestHandler]
2018-06-14 10:19:14,413 [INFO] [main] o.s.w.s.mvc.method.annotation.RequestMappingHandlerAdapter [Jdk14Logger.java : 99] Looking for @ControllerAdvice: org.springframework.boot.web.servlet.context.AnnotationConfigServletWebServerApplicationContext@157853da: startup date [Thu Jun 14 10:18:46 CST 2018]; root of context hierarchy
2018-06-14 10:19:14,742 [INFO] [main] o.s.web.servlet.handler.SimpleUrlHandlerMapping [Jdk14Logger.java : 99] Mapped URL path [/webjars/**] onto handler of type [class org.springframework.web.servlet.resource.ResourceHttpRequestHandler]
2018-06-14 10:19:14,742 [INFO] [main] o.s.web.servlet.handler.SimpleUrlHandlerMapping [Jdk14Logger.java : 99] Mapped URL path [/**] onto handler of type [class org.springframework.web.servlet.resource.ResourceHttpRequestHandler]
2018-06-14 10:19:14,742 [INFO] [main] o.s.web.servlet.handler.SimpleUrlHandlerMapping [Jdk14Logger.java : 99] Mapped URL path [/statics/**] onto handler of type [class org.springframework.web.servlet.resource.ResourceHttpRequestHandler]
2018-06-14 10:19:14,835 [INFO] [main] o.s.w.s.m.m.annotation.ExceptionHandlerExceptionResolver [Jdk14Logger.java : 99] Detected @ExceptionHandler methods in RRExceptionHandler
2018-06-14 10:19:15,094 [INFO] [main] o.s.boot.autoconfigure.web.servlet.WelcomePageHandlerMapping [Jdk14Logger.java : 99] Adding welcome page template: index
2018-06-14 10:19:17,726 [INFO] [main] o.s.jmx.export.annotation.AnnotationMBeanExporter [Jdk14Logger.java : 99] Registering beans for JMX exposure on startup
2018-06-14 10:19:17,726 [INFO] [main] o.s.jmx.export.annotation.AnnotationMBeanExporter [Jdk14Logger.java : 99] Bean with name 'firstDataSource' has been autodetected for JMX exposure
2018-06-14 10:19:17,726 [INFO] [main] o.s.jmx.export.annotation.AnnotationMBeanExporter [Jdk14Logger.java : 99] Bean with name 'secondDataSource' has been autodetected for JMX exposure
2018-06-14 10:19:17,726 [INFO] [main] o.s.jmx.export.annotation.AnnotationMBeanExporter [Jdk14Logger.java : 99] Bean with name 'statFilter' has been autodetected for JMX exposure
2018-06-14 10:19:17,742 [INFO] [main] o.s.jmx.export.annotation.AnnotationMBeanExporter [Jdk14Logger.java : 99] Located MBean 'firstDataSource': registering with JMX server as MBean [com.alibaba.druid.spring.boot.autoconfigure:name=firstDataSource,type=DruidDataSourceWrapper]
2018-06-14 10:19:17,757 [INFO] [main] o.s.jmx.export.annotation.AnnotationMBeanExporter [Jdk14Logger.java : 99] Located MBean 'secondDataSource': registering with JMX server as MBean [com.alibaba.druid.spring.boot.autoconfigure:name=secondDataSource,type=DruidDataSourceWrapper]
2018-06-14 10:19:17,757 [INFO] [main] o.s.jmx.export.annotation.AnnotationMBeanExporter [Jdk14Logger.java : 99] Located MBean 'statFilter': registering with JMX server as MBean [com.alibaba.druid.filter.stat:name=statFilter,type=StatFilter]
2018-06-14 10:19:17,773 [INFO] [main] o.springframework.context.support.DefaultLifecycleProcessor [Jdk14Logger.java : 99] Starting beans in phase 2147483647
2018-06-14 10:19:17,773 [INFO] [main] s.d.spring.web.plugins.DocumentationPluginsBootstrapper [DocumentationPluginsBootstrapper.java : 147] Context refreshed
2018-06-14 10:19:17,929 [INFO] [main] s.d.spring.web.plugins.DocumentationPluginsBootstrapper [DocumentationPluginsBootstrapper.java : 150] Found 1 custom documentation plugin(s)
2018-06-14 10:19:18,113 [INFO] [main] s.d.spring.web.scanners.ApiListingReferenceScanner [ApiListingReferenceScanner.java : 41] Scanning for api listing references
2018-06-14 10:19:18,199 [INFO] [main] org.springframework.scheduling.quartz.SchedulerFactoryBean [Jdk14Logger.java : 99] Will start Quartz Scheduler [RenrenScheduler] in 30 seconds
2018-06-14 10:19:18,374 [INFO] [main] org.springframework.boot.web.embedded.tomcat.TomcatWebServer [Jdk14Logger.java : 99] Tomcat started on port(s): 8080 (http) with context path '/renren-admin'
2018-06-14 10:19:18,374 [INFO] [main] io.renren.AdminApplication [Jdk14Logger.java : 99] Started AdminApplication in 36.223 seconds (JVM running for 43.254)
2018-06-14 10:19:48,206 [INFO] [Quartz Scheduler [RenrenScheduler]] org.springframework.scheduling.quartz.SchedulerFactoryBean [Jdk14Logger.java : 99] Starting Quartz Scheduler now, after delay of 30 seconds
2018-06-14 10:19:48,591 [INFO] [Quartz Scheduler [RenrenScheduler]] o.springframework.scheduling.quartz.LocalDataSourceJobStore [JobStoreSupport.java : 3629] ClusterManager: detected 1 failed or restarted instances.
2018-06-14 10:19:48,591 [INFO] [Quartz Scheduler [RenrenScheduler]] o.springframework.scheduling.quartz.LocalDataSourceJobStore [JobStoreSupport.java : 3488] ClusterManager: Scanning for instance "CQ6ET6JFXX3FVVW1528856346347"'s failed in-progress jobs.
2018-06-14 10:19:48,671 [INFO] [Quartz Scheduler [RenrenScheduler]] org.quartz.core.QuartzScheduler [QuartzScheduler.java : 547] Scheduler RenrenScheduler_$_CQ6ET6JFXX3FVVW1528942746446 started.
2018-06-14 10:19:48,758 [INFO] [QuartzScheduler_RenrenScheduler-CQ6ET6JFXX3FVVW1528942746446_MisfireHandler] o.springframework.scheduling.quartz.LocalDataSourceJobStore [JobStoreSupport.java : 973] Handling 1 trigger(s) that missed their scheduled fire-time.
2018-06-14 10:24:10,633 [INFO] [http-nio-8080-exec-2] org.apache.coyote.http11.Http11Processor [DirectJDKLog.java : 182] Error parsing HTTP request header
 Note: further occurrences of HTTP header parsing errors will be logged at DEBUG level.
java.lang.IllegalArgumentException: Invalid character found in method name. HTTP method names must be tokens
	at org.apache.coyote.http11.Http11InputBuffer.parseRequestLine(Http11InputBuffer.java:426)
	at org.apache.coyote.http11.Http11Processor.service(Http11Processor.java:687)
	at org.apache.coyote.AbstractProcessorLight.process(AbstractProcessorLight.java:66)
	at org.apache.coyote.AbstractProtocol$ConnectionHandler.process(AbstractProtocol.java:790)
	at org.apache.tomcat.util.net.NioEndpoint$SocketProcessor.doRun(NioEndpoint.java:1459)
	at org.apache.tomcat.util.net.SocketProcessorBase.run(SocketProcessorBase.java:49)
	at java.util.concurrent.ThreadPoolExecutor.runWorker(ThreadPoolExecutor.java:1142)
	at java.util.concurrent.ThreadPoolExecutor$Worker.run(ThreadPoolExecutor.java:617)
	at org.apache.tomcat.util.threads.TaskThread$WrappingRunnable.run(TaskThread.java:61)
	at java.lang.Thread.run(Thread.java:748)
2018-06-14 10:24:10,633 [INFO] [http-nio-8080-exec-1] org.apache.coyote.http11.Http11Processor [DirectJDKLog.java : 182] Error parsing HTTP request header
 Note: further occurrences of HTTP header parsing errors will be logged at DEBUG level.
java.lang.IllegalArgumentException: Invalid character found in method name. HTTP method names must be tokens
	at org.apache.coyote.http11.Http11InputBuffer.parseRequestLine(Http11InputBuffer.java:426)
	at org.apache.coyote.http11.Http11Processor.service(Http11Processor.java:687)
	at org.apache.coyote.AbstractProcessorLight.process(AbstractProcessorLight.java:66)
	at org.apache.coyote.AbstractProtocol$ConnectionHandler.process(AbstractProtocol.java:790)
	at org.apache.tomcat.util.net.NioEndpoint$SocketProcessor.doRun(NioEndpoint.java:1459)
	at org.apache.tomcat.util.net.SocketProcessorBase.run(SocketProcessorBase.java:49)
	at java.util.concurrent.ThreadPoolExecutor.runWorker(ThreadPoolExecutor.java:1142)
	at java.util.concurrent.ThreadPoolExecutor$Worker.run(ThreadPoolExecutor.java:617)
	at org.apache.tomcat.util.threads.TaskThread$WrappingRunnable.run(TaskThread.java:61)
	at java.lang.Thread.run(Thread.java:748)
2018-06-14 10:26:59,257 [INFO] [http-nio-8080-exec-5] o.a.c.c.ContainerBase.[Tomcat].[localhost].[/renren-admin] [DirectJDKLog.java : 180] Initializing Spring FrameworkServlet 'dispatcherServlet'
2018-06-14 10:26:59,258 [INFO] [http-nio-8080-exec-5] org.springframework.web.servlet.DispatcherServlet [Jdk14Logger.java : 99] FrameworkServlet 'dispatcherServlet': initialization started
2018-06-14 10:26:59,328 [INFO] [http-nio-8080-exec-5] org.springframework.web.servlet.DispatcherServlet [Jdk14Logger.java : 99] FrameworkServlet 'dispatcherServlet': initialization completed in 68 ms
2018-06-14 10:26:59,649 [INFO] [http-nio-8080-exec-5] o.apache.shiro.session.mgt.AbstractValidatingSessionManager [AbstractValidatingSessionManager.java : 233] Enabling session validation scheduler...
2018-06-14 10:27:22,348 [DEBUG] [http-nio-8080-exec-25] io.renren.modules.sys.dao.SysUserDao.selectOne [BaseJdbcLogger.java : 159] ==>  Preparing: SELECT user_id AS userId,username,`password`,salt,email,mobile,`status`,create_time AS createTime,dept_id AS deptId FROM sys_user WHERE username=? 
2018-06-14 10:27:22,350 [DEBUG] [http-nio-8080-exec-25] io.renren.modules.sys.dao.SysUserDao.selectOne [BaseJdbcLogger.java : 159] ==> Parameters: admin(String)
2018-06-14 10:27:22,354 [DEBUG] [http-nio-8080-exec-25] io.renren.modules.sys.dao.SysUserDao.selectOne [BaseJdbcLogger.java : 159] <==      Total: 1
2018-06-14 10:27:23,089 [DEBUG] [http-nio-8080-exec-1] io.renren.modules.sys.dao.SysMenuDao.queryListParentId [BaseJdbcLogger.java : 159] ==>  Preparing: select * from sys_menu where parent_id = ? order by order_num asc 
2018-06-14 10:27:23,090 [DEBUG] [http-nio-8080-exec-1] io.renren.modules.sys.dao.SysMenuDao.queryListParentId [BaseJdbcLogger.java : 159] ==> Parameters: 0(Long)
2018-06-14 10:27:23,106 [DEBUG] [http-nio-8080-exec-1] io.renren.modules.sys.dao.SysMenuDao.queryListParentId [BaseJdbcLogger.java : 159] <==      Total: 1
2018-06-14 10:27:23,111 [DEBUG] [http-nio-8080-exec-1] io.renren.modules.sys.dao.SysMenuDao.queryListParentId [BaseJdbcLogger.java : 159] ==>  Preparing: select * from sys_menu where parent_id = ? order by order_num asc 
2018-06-14 10:27:23,113 [DEBUG] [http-nio-8080-exec-1] io.renren.modules.sys.dao.SysMenuDao.queryListParentId [BaseJdbcLogger.java : 159] ==> Parameters: 1(Long)
2018-06-14 10:27:23,124 [DEBUG] [http-nio-8080-exec-1] io.renren.modules.sys.dao.SysMenuDao.queryListParentId [BaseJdbcLogger.java : 159] <==      Total: 10
2018-06-14 10:30:00,052 [INFO] [RenrenScheduler_Worker-1] io.renren.modules.job.utils.ScheduleJob [ScheduleJob.java : 67] 任务准备执行，任务ID：1
2018-06-14 10:30:00,055 [INFO] [pool-1-thread-1] io.renren.modules.job.task.TestTask [TestTask.java : 43] 我是带参数的test方法，正在被执行，参数为：renren
2018-06-14 10:30:01,077 [DEBUG] [pool-1-thread-1] io.renren.modules.sys.dao.SysUserDao.selectById [BaseJdbcLogger.java : 159] ==>  Preparing: SELECT user_id AS userId,username,`password`,salt,email,mobile,`status`,create_time AS createTime,dept_id AS deptId FROM sys_user WHERE user_id=? 
2018-06-14 10:30:01,077 [DEBUG] [pool-1-thread-1] io.renren.modules.sys.dao.SysUserDao.selectById [BaseJdbcLogger.java : 159] ==> Parameters: 1(Long)
2018-06-14 10:30:01,077 [DEBUG] [pool-1-thread-1] io.renren.modules.sys.dao.SysUserDao.selectById [BaseJdbcLogger.java : 159] <==      Total: 1
2018-06-14 10:30:01,108 [INFO] [RenrenScheduler_Worker-1] io.renren.modules.job.utils.ScheduleJob [ScheduleJob.java : 80] 任务执行完毕，任务ID：1  总共耗时：1056毫秒
2018-06-14 10:30:01,184 [DEBUG] [RenrenScheduler_Worker-1] io.renren.modules.job.dao.ScheduleJobLogDao.insert [BaseJdbcLogger.java : 159] ==>  Preparing: INSERT INTO schedule_job_log ( job_id, bean_name, method_name, params, `status`, times, create_time ) VALUES ( ?, ?, ?, ?, ?, ?, ? ) 
2018-06-14 10:30:01,184 [DEBUG] [RenrenScheduler_Worker-1] io.renren.modules.job.dao.ScheduleJobLogDao.insert [BaseJdbcLogger.java : 159] ==> Parameters: 1(Long), testTask(String), test(String), renren(String), 0(Integer), 1056(Integer), 2018-06-14 10:30:00.052(Timestamp)
2018-06-14 10:30:01,184 [DEBUG] [RenrenScheduler_Worker-1] io.renren.modules.job.dao.ScheduleJobLogDao.insert [BaseJdbcLogger.java : 159] <==    Updates: 1
