2018-06-14 12:01:16,528 [INFO] [main] io.renren.ApiApplication [StartupInfoLogger.java : 50] Starting ApiApplication on CQ6ET6JFXX3FVVW with PID 10204 (D:\workPlace\save\idea\Git\DownLoadFromGit\Finall\dafayi_java\renren-api\target\classes started by Administrator in D:\workPlace\save\idea\Git\DownLoadFromGit\Finall\dafayi_java)
2018-06-14 12:01:16,669 [DEBUG] [main] io.renren.ApiApplication [StartupInfoLogger.java : 53] Running with Spring Boot v2.0.1.RELEASE, Spring v5.0.5.RELEASE
2018-06-14 12:01:16,696 [INFO] [main] io.renren.ApiApplication [SpringApplication.java : 663] The following profiles are active: test
2018-06-14 12:01:17,120 [INFO] [main] o.s.b.w.s.c.AnnotationConfigServletWebServerApplicationContext [AbstractApplicationContext.java : 590] Refreshing org.springframework.boot.web.servlet.context.AnnotationConfigServletWebServerApplicationContext@68e965f5: startup date [Thu Jun 14 12:01:17 CST 2018]; root of context hierarchy
2018-06-14 12:01:22,339 [INFO] [main] o.s.data.repository.config.RepositoryConfigurationDelegate [RepositoryConfigurationDelegate.java : 163] Multiple Spring Data modules found, entering strict repository configuration mode!
2018-06-14 12:01:23,717 [INFO] [main] o.s.c.s.PostProcessorRegistrationDelegate$BeanPostProcessorChecker [PostProcessorRegistrationDelegate.java : 328] Bean 'org.springframework.transaction.annotation.ProxyTransactionManagementConfiguration' of type [org.springframework.transaction.annotation.ProxyTransactionManagementConfiguration$$EnhancerBySpringCGLIB$$763eb6c2] is not eligible for getting processed by all BeanPostProcessors (for example: not eligible for auto-proxying)
2018-06-14 12:01:25,573 [INFO] [main] org.springframework.boot.web.embedded.tomcat.TomcatWebServer [TomcatWebServer.java : 91] Tomcat initialized with port(s): 8081 (http)
2018-06-14 12:01:25,871 [INFO] [main] org.apache.catalina.core.StandardService [DirectJDKLog.java : 180] Starting service [Tomcat]
2018-06-14 12:01:25,872 [INFO] [main] org.apache.catalina.core.StandardEngine [DirectJDKLog.java : 180] Starting Servlet Engine: Apache Tomcat/8.5.29
2018-06-14 12:01:25,902 [INFO] [localhost-startStop-1] org.apache.catalina.core.AprLifecycleListener [DirectJDKLog.java : 180] Loaded APR based Apache Tomcat Native library [1.2.16] using APR version [1.6.3].
2018-06-14 12:01:25,904 [INFO] [localhost-startStop-1] org.apache.catalina.core.AprLifecycleListener [DirectJDKLog.java : 180] APR capabilities: IPv6 [true], sendfile [true], accept filters [false], random [true].
2018-06-14 12:01:25,905 [INFO] [localhost-startStop-1] org.apache.catalina.core.AprLifecycleListener [DirectJDKLog.java : 180] APR/OpenSSL configuration: useAprConnector [false], useOpenSSL [true]
2018-06-14 12:01:27,107 [INFO] [localhost-startStop-1] org.apache.catalina.core.AprLifecycleListener [DirectJDKLog.java : 180] OpenSSL successfully initialized [OpenSSL 1.0.2m  2 Nov 2017]
2018-06-14 12:01:27,581 [INFO] [localhost-startStop-1] o.a.c.core.ContainerBase.[Tomcat].[localhost].[/renren-api] [DirectJDKLog.java : 180] Initializing Spring embedded WebApplicationContext
2018-06-14 12:01:27,581 [INFO] [localhost-startStop-1] org.springframework.web.context.ContextLoader [ServletWebServerApplicationContext.java : 285] Root WebApplicationContext: initialization completed in 10461 ms
2018-06-14 12:01:28,064 [INFO] [localhost-startStop-1] org.springframework.boot.web.servlet.FilterRegistrationBean [AbstractFilterRegistrationBean.java : 244] Mapping filter: 'characterEncodingFilter' to: [/*]
2018-06-14 12:01:28,065 [INFO] [localhost-startStop-1] org.springframework.boot.web.servlet.FilterRegistrationBean [AbstractFilterRegistrationBean.java : 244] Mapping filter: 'hiddenHttpMethodFilter' to: [/*]
2018-06-14 12:01:28,066 [INFO] [localhost-startStop-1] org.springframework.boot.web.servlet.FilterRegistrationBean [AbstractFilterRegistrationBean.java : 244] Mapping filter: 'httpPutFormContentFilter' to: [/*]
2018-06-14 12:01:28,067 [INFO] [localhost-startStop-1] org.springframework.boot.web.servlet.FilterRegistrationBean [AbstractFilterRegistrationBean.java : 244] Mapping filter: 'requestContextFilter' to: [/*]
2018-06-14 12:01:28,068 [INFO] [localhost-startStop-1] org.springframework.boot.web.servlet.FilterRegistrationBean [AbstractFilterRegistrationBean.java : 257] Mapping filter: 'xssFilter' to urls: [/*]
2018-06-14 12:01:28,069 [INFO] [localhost-startStop-1] org.springframework.boot.web.servlet.FilterRegistrationBean [AbstractFilterRegistrationBean.java : 257] Mapping filter: 'webStatFilter' to urls: [/*]
2018-06-14 12:01:28,070 [INFO] [localhost-startStop-1] org.springframework.boot.web.servlet.ServletRegistrationBean [ServletRegistrationBean.java : 185] Servlet dispatcherServlet mapped to [/]
2018-06-14 12:01:28,074 [INFO] [localhost-startStop-1] org.springframework.boot.web.servlet.ServletRegistrationBean [ServletRegistrationBean.java : 185] Servlet statViewServlet mapped to [/druid/*]
2018-06-14 12:01:28,918 [INFO] [main] c.a.d.spring.boot.autoconfigure.DruidDataSourceAutoConfigure [DruidDataSourceAutoConfigure.java : 56] Init DruidDataSource
2018-06-14 12:01:30,270 [INFO] [main] com.alibaba.druid.pool.DruidDataSource [DruidDataSource.java : 928] {dataSource-1} inited
2018-06-14 12:01:42,169 [INFO] [main] o.s.w.s.mvc.method.annotation.RequestMappingHandlerMapping [AbstractHandlerMethodMapping.java : 547] Mapped "{[/api/login],methods=[POST]}" onto public io.renren.common.utils.R io.renren.controller.ApiLoginController.login(io.renren.form.LoginForm)
2018-06-14 12:01:42,169 [INFO] [main] o.s.w.s.mvc.method.annotation.RequestMappingHandlerMapping [AbstractHandlerMethodMapping.java : 547] Mapped "{[/api/logout],methods=[POST]}" onto public io.renren.common.utils.R io.renren.controller.ApiLoginController.logout(long)
2018-06-14 12:01:42,185 [INFO] [main] o.s.w.s.mvc.method.annotation.RequestMappingHandlerMapping [AbstractHandlerMethodMapping.java : 547] Mapped "{[/api/register],methods=[POST]}" onto public io.renren.common.utils.R io.renren.controller.ApiRegisterController.register(io.renren.form.RegisterForm)
2018-06-14 12:01:42,232 [INFO] [main] o.s.w.s.mvc.method.annotation.RequestMappingHandlerMapping [AbstractHandlerMethodMapping.java : 547] Mapped "{[/api/userId],methods=[GET]}" onto public io.renren.common.utils.R io.renren.controller.ApiTestController.userInfo(java.lang.Integer)
2018-06-14 12:01:42,232 [INFO] [main] o.s.w.s.mvc.method.annotation.RequestMappingHandlerMapping [AbstractHandlerMethodMapping.java : 547] Mapped "{[/api/userInfo],methods=[GET]}" onto public io.renren.common.utils.R io.renren.controller.ApiTestController.userInfo(io.renren.entity.UserEntity)
2018-06-14 12:01:42,263 [INFO] [main] o.s.w.s.mvc.method.annotation.RequestMappingHandlerMapping [AbstractHandlerMethodMapping.java : 547] Mapped "{[/api/notToken],methods=[GET]}" onto public io.renren.common.utils.R io.renren.controller.ApiTestController.notToken()
2018-06-14 12:01:42,498 [INFO] [main] o.s.w.s.mvc.method.annotation.RequestMappingHandlerMapping [AbstractHandlerMethodMapping.java : 547] Mapped "{[/swagger-resources/configuration/security]}" onto public org.springframework.http.ResponseEntity<springfox.documentation.swagger.web.SecurityConfiguration> springfox.documentation.swagger.web.ApiResourceController.securityConfiguration()
2018-06-14 12:01:42,498 [INFO] [main] o.s.w.s.mvc.method.annotation.RequestMappingHandlerMapping [AbstractHandlerMethodMapping.java : 547] Mapped "{[/swagger-resources/configuration/ui]}" onto public org.springframework.http.ResponseEntity<springfox.documentation.swagger.web.UiConfiguration> springfox.documentation.swagger.web.ApiResourceController.uiConfiguration()
2018-06-14 12:01:42,498 [INFO] [main] o.s.w.s.mvc.method.annotation.RequestMappingHandlerMapping [AbstractHandlerMethodMapping.java : 547] Mapped "{[/swagger-resources]}" onto public org.springframework.http.ResponseEntity<java.util.List<springfox.documentation.swagger.web.SwaggerResource>> springfox.documentation.swagger.web.ApiResourceController.swaggerResources()
2018-06-14 12:01:42,513 [INFO] [main] o.s.w.s.mvc.method.annotation.RequestMappingHandlerMapping [AbstractHandlerMethodMapping.java : 547] Mapped "{[/error]}" onto public org.springframework.http.ResponseEntity<java.util.Map<java.lang.String, java.lang.Object>> org.springframework.boot.autoconfigure.web.servlet.error.BasicErrorController.error(javax.servlet.http.HttpServletRequest)
2018-06-14 12:01:42,513 [INFO] [main] o.s.w.s.mvc.method.annotation.RequestMappingHandlerMapping [AbstractHandlerMethodMapping.java : 547] Mapped "{[/error],produces=[text/html]}" onto public org.springframework.web.servlet.ModelAndView org.springframework.boot.autoconfigure.web.servlet.error.BasicErrorController.errorHtml(javax.servlet.http.HttpServletRequest,javax.servlet.http.HttpServletResponse)
2018-06-14 12:01:44,998 [INFO] [main] s.d.spring.web.PropertySourcedRequestMappingHandlerMapping [PropertySourcedRequestMappingHandlerMapping.java : 69] Mapped URL path [/v2/api-docs] onto method [public org.springframework.http.ResponseEntity<springfox.documentation.spring.web.json.Json> springfox.documentation.swagger2.web.Swagger2Controller.getDocumentation(java.lang.String,javax.servlet.http.HttpServletRequest)]
2018-06-14 12:01:45,921 [INFO] [main] o.s.web.servlet.handler.SimpleUrlHandlerMapping [AbstractUrlHandlerMapping.java : 373] Mapped URL path [/**/favicon.ico] onto handler of type [class org.springframework.web.servlet.resource.ResourceHttpRequestHandler]
2018-06-14 12:01:46,952 [INFO] [main] o.s.w.s.mvc.method.annotation.RequestMappingHandlerAdapter [RequestMappingHandlerAdapter.java : 574] Looking for @ControllerAdvice: org.springframework.boot.web.servlet.context.AnnotationConfigServletWebServerApplicationContext@68e965f5: startup date [Thu Jun 14 12:01:17 CST 2018]; root of context hierarchy
2018-06-14 12:01:47,126 [INFO] [main] o.s.web.servlet.handler.SimpleUrlHandlerMapping [AbstractUrlHandlerMapping.java : 373] Mapped URL path [/webjars/**] onto handler of type [class org.springframework.web.servlet.resource.ResourceHttpRequestHandler]
2018-06-14 12:01:47,127 [INFO] [main] o.s.web.servlet.handler.SimpleUrlHandlerMapping [AbstractUrlHandlerMapping.java : 373] Mapped URL path [/**] onto handler of type [class org.springframework.web.servlet.resource.ResourceHttpRequestHandler]
2018-06-14 12:01:47,166 [INFO] [main] o.s.w.s.m.m.annotation.ExceptionHandlerExceptionResolver [ExceptionHandlerExceptionResolver.java : 288] Detected @ExceptionHandler methods in RRExceptionHandler
2018-06-14 12:01:49,737 [INFO] [main] org.springframework.ui.freemarker.SpringTemplateLoader [SpringTemplateLoader.java : 62] SpringTemplateLoader for FreeMarker: using resource loader [org.springframework.boot.web.servlet.context.AnnotationConfigServletWebServerApplicationContext@68e965f5: startup date [Thu Jun 14 12:01:17 CST 2018]; root of context hierarchy] and template loader path [classpath:/templates/]
2018-06-14 12:01:49,741 [INFO] [main] o.s.web.servlet.view.freemarker.FreeMarkerConfigurer [FreeMarkerConfigurer.java : 131] ClassTemplateLoader for Spring macros added to FreeMarker configuration
2018-06-14 12:01:50,599 [INFO] [main] o.s.jmx.export.annotation.AnnotationMBeanExporter [MBeanExporter.java : 433] Registering beans for JMX exposure on startup
2018-06-14 12:01:50,599 [INFO] [main] o.s.jmx.export.annotation.AnnotationMBeanExporter [MBeanExporter.java : 895] Bean with name 'statFilter' has been autodetected for JMX exposure
2018-06-14 12:01:50,599 [INFO] [main] o.s.jmx.export.annotation.AnnotationMBeanExporter [MBeanExporter.java : 895] Bean with name 'dataSource' has been autodetected for JMX exposure
2018-06-14 12:01:50,615 [INFO] [main] o.s.jmx.export.annotation.AnnotationMBeanExporter [MBeanExporter.java : 668] Located MBean 'dataSource': registering with JMX server as MBean [com.alibaba.druid.spring.boot.autoconfigure:name=dataSource,type=DruidDataSourceWrapper]
2018-06-14 12:01:50,615 [INFO] [main] o.s.jmx.export.annotation.AnnotationMBeanExporter [MBeanExporter.java : 668] Located MBean 'statFilter': registering with JMX server as MBean [com.alibaba.druid.filter.stat:name=statFilter,type=StatFilter]
2018-06-14 12:01:50,646 [INFO] [main] o.springframework.context.support.DefaultLifecycleProcessor [DefaultLifecycleProcessor.java : 351] Starting beans in phase 2147483647
2018-06-14 12:01:50,646 [INFO] [main] s.d.spring.web.plugins.DocumentationPluginsBootstrapper [DocumentationPluginsBootstrapper.java : 147] Context refreshed
2018-06-14 12:01:50,705 [INFO] [main] s.d.spring.web.plugins.DocumentationPluginsBootstrapper [DocumentationPluginsBootstrapper.java : 150] Found 1 custom documentation plugin(s)
2018-06-14 12:01:50,830 [INFO] [main] s.d.spring.web.scanners.ApiListingReferenceScanner [ApiListingReferenceScanner.java : 41] Scanning for api listing references
2018-06-14 12:01:51,285 [INFO] [main] s.d.s.web.readers.operation.CachingOperationNameGenerator [CachingOperationNameGenerator.java : 40] Generating unique operation named: userInfoUsingGET_1
2018-06-14 12:01:51,502 [INFO] [main] org.springframework.boot.web.embedded.tomcat.TomcatWebServer [TomcatWebServer.java : 206] Tomcat started on port(s): 8081 (http) with context path '/renren-api'
2018-06-14 12:01:51,515 [INFO] [main] io.renren.ApiApplication [StartupInfoLogger.java : 59] Started ApiApplication in 39.561 seconds (JVM running for 46.245)
2018-06-14 12:02:10,123 [INFO] [http-nio-8081-exec-1] o.a.c.core.ContainerBase.[Tomcat].[localhost].[/renren-api] [DirectJDKLog.java : 180] Initializing Spring FrameworkServlet 'dispatcherServlet'
2018-06-14 12:02:10,123 [INFO] [http-nio-8081-exec-1] org.springframework.web.servlet.DispatcherServlet [FrameworkServlet.java : 494] FrameworkServlet 'dispatcherServlet': initialization started
2018-06-14 12:02:10,166 [INFO] [http-nio-8081-exec-1] org.springframework.web.servlet.DispatcherServlet [FrameworkServlet.java : 509] FrameworkServlet 'dispatcherServlet': initialization completed in 43 ms
2018-06-14 12:02:10,287 [ERROR] [http-nio-8081-exec-1] io.renren.exception.RRExceptionHandler [RRExceptionHandler.java : 58] Request method 'GET' not supported
org.springframework.web.HttpRequestMethodNotSupportedException: Request method 'GET' not supported
	at org.springframework.web.servlet.mvc.method.RequestMappingInfoHandlerMapping.handleNoMatch(RequestMappingInfoHandlerMapping.java:198)
	at org.springframework.web.servlet.handler.AbstractHandlerMethodMapping.lookupHandlerMethod(AbstractHandlerMethodMapping.java:376)
	at org.springframework.web.servlet.handler.AbstractHandlerMethodMapping.getHandlerInternal(AbstractHandlerMethodMapping.java:316)
	at org.springframework.web.servlet.handler.AbstractHandlerMethodMapping.getHandlerInternal(AbstractHandlerMethodMapping.java:62)
	at org.springframework.web.servlet.handler.AbstractHandlerMapping.getHandler(AbstractHandlerMapping.java:350)
	at org.springframework.web.servlet.DispatcherServlet.getHandler(DispatcherServlet.java:1188)
	at org.springframework.web.servlet.DispatcherServlet.doDispatch(DispatcherServlet.java:964)
	at org.springframework.web.servlet.DispatcherServlet.doService(DispatcherServlet.java:925)
	at org.springframework.web.servlet.FrameworkServlet.processRequest(FrameworkServlet.java:974)
	at org.springframework.web.servlet.FrameworkServlet.doGet(FrameworkServlet.java:866)
	at javax.servlet.http.HttpServlet.service(HttpServlet.java:635)
	at org.springframework.web.servlet.FrameworkServlet.service(FrameworkServlet.java:851)
	at javax.servlet.http.HttpServlet.service(HttpServlet.java:742)
	at org.apache.catalina.core.ApplicationFilterChain.internalDoFilter(ApplicationFilterChain.java:231)
	at org.apache.catalina.core.ApplicationFilterChain.doFilter(ApplicationFilterChain.java:166)
	at org.apache.tomcat.websocket.server.WsFilter.doFilter(WsFilter.java:52)
	at org.apache.catalina.core.ApplicationFilterChain.internalDoFilter(ApplicationFilterChain.java:193)
	at org.apache.catalina.core.ApplicationFilterChain.doFilter(ApplicationFilterChain.java:166)
	at com.alibaba.druid.support.http.WebStatFilter.doFilter(WebStatFilter.java:123)
	at org.apache.catalina.core.ApplicationFilterChain.internalDoFilter(ApplicationFilterChain.java:193)
	at org.apache.catalina.core.ApplicationFilterChain.doFilter(ApplicationFilterChain.java:166)
	at io.renren.common.xss.XssFilter.doFilter(XssFilter.java:39)
	at org.apache.catalina.core.ApplicationFilterChain.internalDoFilter(ApplicationFilterChain.java:193)
	at org.apache.catalina.core.ApplicationFilterChain.doFilter(ApplicationFilterChain.java:166)
	at org.springframework.web.filter.RequestContextFilter.doFilterInternal(RequestContextFilter.java:99)
	at org.springframework.web.filter.OncePerRequestFilter.doFilter(OncePerRequestFilter.java:107)
	at org.apache.catalina.core.ApplicationFilterChain.internalDoFilter(ApplicationFilterChain.java:193)
	at org.apache.catalina.core.ApplicationFilterChain.doFilter(ApplicationFilterChain.java:166)
	at org.springframework.web.filter.HttpPutFormContentFilter.doFilterInternal(HttpPutFormContentFilter.java:109)
	at org.springframework.web.filter.OncePerRequestFilter.doFilter(OncePerRequestFilter.java:107)
	at org.apache.catalina.core.ApplicationFilterChain.internalDoFilter(ApplicationFilterChain.java:193)
	at org.apache.catalina.core.ApplicationFilterChain.doFilter(ApplicationFilterChain.java:166)
	at org.springframework.web.filter.HiddenHttpMethodFilter.doFilterInternal(HiddenHttpMethodFilter.java:81)
	at org.springframework.web.filter.OncePerRequestFilter.doFilter(OncePerRequestFilter.java:107)
	at org.apache.catalina.core.ApplicationFilterChain.internalDoFilter(ApplicationFilterChain.java:193)
	at org.apache.catalina.core.ApplicationFilterChain.doFilter(ApplicationFilterChain.java:166)
	at org.springframework.web.filter.CharacterEncodingFilter.doFilterInternal(CharacterEncodingFilter.java:200)
	at org.springframework.web.filter.OncePerRequestFilter.doFilter(OncePerRequestFilter.java:107)
	at org.apache.catalina.core.ApplicationFilterChain.internalDoFilter(ApplicationFilterChain.java:193)
	at org.apache.catalina.core.ApplicationFilterChain.doFilter(ApplicationFilterChain.java:166)
	at org.apache.catalina.core.StandardWrapperValve.invoke(StandardWrapperValve.java:198)
	at org.apache.catalina.core.StandardContextValve.invoke(StandardContextValve.java:96)
	at org.apache.catalina.authenticator.AuthenticatorBase.invoke(AuthenticatorBase.java:496)
	at org.apache.catalina.core.StandardHostValve.invoke(StandardHostValve.java:140)
	at org.apache.catalina.valves.ErrorReportValve.invoke(ErrorReportValve.java:81)
	at org.apache.catalina.core.StandardEngineValve.invoke(StandardEngineValve.java:87)
	at org.apache.catalina.connector.CoyoteAdapter.service(CoyoteAdapter.java:342)
	at org.apache.coyote.http11.Http11Processor.service(Http11Processor.java:803)
	at org.apache.coyote.AbstractProcessorLight.process(AbstractProcessorLight.java:66)
	at org.apache.coyote.AbstractProtocol$ConnectionHandler.process(AbstractProtocol.java:790)
	at org.apache.tomcat.util.net.NioEndpoint$SocketProcessor.doRun(NioEndpoint.java:1459)
	at org.apache.tomcat.util.net.SocketProcessorBase.run(SocketProcessorBase.java:49)
	at java.util.concurrent.ThreadPoolExecutor.runWorker(ThreadPoolExecutor.java:1142)
	at java.util.concurrent.ThreadPoolExecutor$Worker.run(ThreadPoolExecutor.java:617)
	at org.apache.tomcat.util.threads.TaskThread$WrappingRunnable.run(TaskThread.java:61)
	at java.lang.Thread.run(Thread.java:748)
